<?xml version="1.0" encoding="UTF-8"?>
<!-- Generated by org.testng.reporters.JUnitXMLReporter -->
<testsuite hostname="HIBACL99648" ignored="0"
	name="Default test" tests="3" failures="0"
	timestamp="2021-05-09T19:04:46 IST" time="5.093" errors="0">
	<testcase name="AddBook" time="4.167"
		classname="AdvancedPayloadCreation.ParameterizeUsingDataProviderMultipleData" />
	<testcase name="AddBook" time="0.434"
		classname="AdvancedPayloadCreation.ParameterizeUsingDataProviderMultipleData" />
	<testcase name="AddBook" time="0.42"
		classname="AdvancedPayloadCreation.ParameterizeUsingDataProviderMultipleData" />
</testsuite> <!-- Default test -->
