<?xml version="1.0" encoding="UTF-8"?>
<testng-results skipped="0" failed="0" ignored="0" total="1" passed="1">
  <reporter-output>
  </reporter-output>
  <suite name="Default suite" duration-ms="4300" started-at="2021-05-13T16:41:49 IST" finished-at="2021-05-13T16:41:53 IST">
    <groups>
    </groups>
    <test name="Default test" duration-ms="4300" started-at="2021-05-13T16:41:49 IST" finished-at="2021-05-13T16:41:53 IST">
      <class name="SpecBuilder.ReqResSpecBuilderforWeatherAPI">
        <test-method status="PASS" signature="GetWeatherDetails()[pri:0, instance:SpecBuilder.ReqResSpecBuilderforWeatherAPI@289d1c02]" name="GetWeatherDetails" duration-ms="4245" started-at="2021-05-13T16:41:49 IST" finished-at="2021-05-13T16:41:53 IST">
          <reporter-output>
          </reporter-output>
        </test-method> <!-- GetWeatherDetails -->
      </class> <!-- SpecBuilder.ReqResSpecBuilderforWeatherAPI -->
    </test> <!-- Default test -->
  </suite> <!-- Default suite -->
</testng-results>
